[ERROR] 2024-04-18 17:53:55.881 [main]  o.s.b.SpringApplication - Application run failed
java.lang.IllegalStateException: java.lang.IllegalStateException: Logback configuration error detected: 
ERROR in ch.qos.logback.core.model.processor.ImplicitModelHandler - Could not create component [encoder] of type [net.logstash.logback.encoder.LogstashEncoder] java.lang.ClassNotFoundException: net.logstash.logback.encoder.LogstashEncoder
ERROR in ch.qos.logback.core.rolling.RollingFileAppender[ROLLING_JSON_FILE_APPENDER] - No encoder set for the appender named "ROLLING_JSON_FILE_APPENDER".
	at org.springframework.boot.context.logging.LoggingApplicationListener.initializeSystem(LoggingApplicationListener.java:347)
	at org.springframework.boot.context.logging.LoggingApplicationListener.initialize(LoggingApplicationListener.java:298)
	at org.springframework.boot.context.logging.LoggingApplicationListener.onApplicationEnvironmentPreparedEvent(LoggingApplicationListener.java:246)
	at org.springframework.boot.context.logging.LoggingApplicationListener.onApplicationEvent(LoggingApplicationListener.java:223)
	at org.springframework.context.event.SimpleApplicationEventMulticaster.doInvokeListener(SimpleApplicationEventMulticaster.java:185)
	at org.springframework.context.event.SimpleApplicationEventMulticaster.invokeListener(SimpleApplicationEventMulticaster.java:178)
	at org.springframework.context.event.SimpleApplicationEventMulticaster.multicastEvent(SimpleApplicationEventMulticaster.java:156)
	at org.springframework.context.event.SimpleApplicationEventMulticaster.multicastEvent(SimpleApplicationEventMulticaster.java:138)
	at org.springframework.boot.context.event.EventPublishingRunListener.multicastInitialEvent(EventPublishingRunListener.java:136)
	at org.springframework.boot.context.event.EventPublishingRunListener.environmentPrepared(EventPublishingRunListener.java:81)
	at org.springframework.boot.SpringApplicationRunListeners.lambda$environmentPrepared$2(SpringApplicationRunListeners.java:64)
	at java.base/java.lang.Iterable.forEach(Iterable.java:75)
	at org.springframework.boot.SpringApplicationRunListeners.doWithListeners(SpringApplicationRunListeners.java:118)
	at org.springframework.boot.SpringApplicationRunListeners.doWithListeners(SpringApplicationRunListeners.java:112)
	at org.springframework.boot.SpringApplicationRunListeners.environmentPrepared(SpringApplicationRunListeners.java:63)
	at org.springframework.boot.SpringApplication.prepareEnvironment(SpringApplication.java:369)
	at org.springframework.boot.SpringApplication.run(SpringApplication.java:329)
	at org.springframework.boot.SpringApplication.run(SpringApplication.java:1354)
	at org.springframework.boot.SpringApplication.run(SpringApplication.java:1343)
	at com.example.demo.DemoApplication.main(DemoApplication.java:15)
Caused by: java.lang.IllegalStateException: Logback configuration error detected: 
ERROR in ch.qos.logback.core.model.processor.ImplicitModelHandler - Could not create component [encoder] of type [net.logstash.logback.encoder.LogstashEncoder] java.lang.ClassNotFoundException: net.logstash.logback.encoder.LogstashEncoder
ERROR in ch.qos.logback.core.rolling.RollingFileAppender[ROLLING_JSON_FILE_APPENDER] - No encoder set for the appender named "ROLLING_JSON_FILE_APPENDER".
	at org.springframework.boot.logging.logback.LogbackLoggingSystem.reportConfigurationErrorsIfNecessary(LogbackLoggingSystem.java:277)
	at org.springframework.boot.logging.logback.LogbackLoggingSystem.loadConfiguration(LogbackLoggingSystem.java:255)
	at org.springframework.boot.logging.logback.LogbackLoggingSystem.reinitialize(LogbackLoggingSystem.java:334)
	at org.springframework.boot.logging.AbstractLoggingSystem.initializeWithConventions(AbstractLoggingSystem.java:74)
	at org.springframework.boot.logging.AbstractLoggingSystem.initialize(AbstractLoggingSystem.java:61)
	at org.springframework.boot.logging.logback.LogbackLoggingSystem.initialize(LogbackLoggingSystem.java:189)
	at org.springframework.boot.context.logging.LoggingApplicationListener.initializeSystem(LoggingApplicationListener.java:332)
	... 19 common frames omitted
	Suppressed: java.lang.ClassNotFoundException: net.logstash.logback.encoder.LogstashEncoder
		at java.base/jdk.internal.loader.BuiltinClassLoader.loadClass(BuiltinClassLoader.java:641)
		at java.base/jdk.internal.loader.ClassLoaders$AppClassLoader.loadClass(ClassLoaders.java:188)
		at java.base/java.lang.ClassLoader.loadClass(ClassLoader.java:525)
		at ch.qos.logback.core.util.Loader.loadClass(Loader.java:132)
		at ch.qos.logback.core.model.processor.ImplicitModelHandler.doComplex(ImplicitModelHandler.java:134)
		at ch.qos.logback.core.model.processor.ImplicitModelHandler.handle(ImplicitModelHandler.java:94)
		at ch.qos.logback.core.model.processor.DefaultProcessor.secondPhaseTraverse(DefaultProcessor.java:241)
		at ch.qos.logback.core.model.processor.DefaultProcessor.secondPhaseTraverse(DefaultProcessor.java:253)
		at ch.qos.logback.core.model.processor.DefaultProcessor.secondPhaseTraverse(DefaultProcessor.java:253)
		at ch.qos.logback.core.model.processor.DefaultProcessor.traversalLoop(DefaultProcessor.java:90)
		at ch.qos.logback.core.model.processor.DefaultProcessor.process(DefaultProcessor.java:106)
		at ch.qos.logback.core.joran.GenericXMLConfigurator.processModel(GenericXMLConfigurator.java:208)
		at org.springframework.boot.logging.logback.SpringBootJoranConfigurator.processModel(SpringBootJoranConfigurator.java:122)
		at ch.qos.logback.core.joran.GenericXMLConfigurator.doConfigure(GenericXMLConfigurator.java:170)
		at ch.qos.logback.core.joran.GenericXMLConfigurator.doConfigure(GenericXMLConfigurator.java:122)
		at ch.qos.logback.core.joran.GenericXMLConfigurator.doConfigure(GenericXMLConfigurator.java:65)
		at org.springframework.boot.logging.logback.LogbackLoggingSystem.configureByResourceUrl(LogbackLoggingSystem.java:287)
		at org.springframework.boot.logging.logback.LogbackLoggingSystem.lambda$loadConfiguration$1(LogbackLoggingSystem.java:249)
		at org.springframework.boot.logging.logback.LogbackLoggingSystem.withLoggingSuppressed(LogbackLoggingSystem.java:467)
		at org.springframework.boot.logging.logback.LogbackLoggingSystem.loadConfiguration(LogbackLoggingSystem.java:244)
		... 24 common frames omitted
[INFO ] 2024-04-18 18:11:07.892 [main]  c.e.d.DemoApplication - Starting DemoApplication using Java 17.0.10 with PID 12680 (C:\Users\GavrilyukIS\coding\spring-demo-logs\target\classes started by GavrilyukIS in C:\Users\GavrilyukIS\coding\spring-demo-logs)
[INFO ] 2024-04-18 18:11:07.913 [main]  c.e.d.DemoApplication - No active profile set, falling back to 1 default profile: "default"
[INFO ] 2024-04-18 18:11:09.609 [main]  c.e.d.DemoApplication - Started DemoApplication in 2.504 seconds (process running for 4.171)
[ERROR] 2024-04-18 18:11:10.606 [scheduling-1]  c.e.d.DemoApplication - Some error
[INFO ] 2024-04-18 18:11:10.607 [scheduling-1]  c.e.d.DemoApplication - Some info
[ERROR] 2024-04-18 18:11:11.613 [scheduling-1]  c.e.d.DemoApplication - Some error
[INFO ] 2024-04-18 18:11:11.614 [scheduling-1]  c.e.d.DemoApplication - Some info
[ERROR] 2024-04-18 18:11:12.625 [scheduling-1]  c.e.d.DemoApplication - Some error
[INFO ] 2024-04-18 18:11:12.626 [scheduling-1]  c.e.d.DemoApplication - Some info
[ERROR] 2024-04-18 18:11:13.627 [scheduling-1]  c.e.d.DemoApplication - Some error
[INFO ] 2024-04-18 18:11:13.627 [scheduling-1]  c.e.d.DemoApplication - Some info
[ERROR] 2024-04-18 18:11:14.637 [scheduling-1]  c.e.d.DemoApplication - Some error
[INFO ] 2024-04-18 18:11:14.638 [scheduling-1]  c.e.d.DemoApplication - Some info
[ERROR] 2024-04-18 18:11:15.655 [scheduling-1]  c.e.d.DemoApplication - Some error
[INFO ] 2024-04-18 18:11:15.656 [scheduling-1]  c.e.d.DemoApplication - Some info
[ERROR] 2024-04-18 18:11:16.657 [scheduling-1]  c.e.d.DemoApplication - Some error
[INFO ] 2024-04-18 18:11:16.659 [scheduling-1]  c.e.d.DemoApplication - Some info
[ERROR] 2024-04-18 18:11:17.673 [scheduling-1]  c.e.d.DemoApplication - Some error
[INFO ] 2024-04-18 18:11:17.674 [scheduling-1]  c.e.d.DemoApplication - Some info
[ERROR] 2024-04-18 18:11:18.687 [scheduling-1]  c.e.d.DemoApplication - Some error
[INFO ] 2024-04-18 18:11:18.688 [scheduling-1]  c.e.d.DemoApplication - Some info
[ERROR] 2024-04-18 18:11:19.693 [scheduling-1]  c.e.d.DemoApplication - Some error
[INFO ] 2024-04-18 18:11:19.694 [scheduling-1]  c.e.d.DemoApplication - Some info
[ERROR] 2024-04-18 18:11:20.696 [scheduling-1]  c.e.d.DemoApplication - Some error
[INFO ] 2024-04-18 18:11:20.698 [scheduling-1]  c.e.d.DemoApplication - Some info
[ERROR] 2024-04-18 18:11:21.710 [scheduling-1]  c.e.d.DemoApplication - Some error
[INFO ] 2024-04-18 18:11:21.711 [scheduling-1]  c.e.d.DemoApplication - Some info
[ERROR] 2024-04-18 18:11:22.723 [scheduling-1]  c.e.d.DemoApplication - Some error
[INFO ] 2024-04-18 18:11:22.724 [scheduling-1]  c.e.d.DemoApplication - Some info
[ERROR] 2024-04-18 18:11:23.741 [scheduling-1]  c.e.d.DemoApplication - Some error
[INFO ] 2024-04-18 18:11:23.741 [scheduling-1]  c.e.d.DemoApplication - Some info
[ERROR] 2024-04-18 18:11:24.776 [scheduling-1]  c.e.d.DemoApplication - Some error
[INFO ] 2024-04-18 18:11:24.794 [scheduling-1]  c.e.d.DemoApplication - Some info
[ERROR] 2024-04-18 18:11:25.814 [scheduling-1]  c.e.d.DemoApplication - Some error
[INFO ] 2024-04-18 18:11:25.815 [scheduling-1]  c.e.d.DemoApplication - Some info
[ERROR] 2024-04-18 18:11:26.826 [scheduling-1]  c.e.d.DemoApplication - Some error
[INFO ] 2024-04-18 18:11:26.827 [scheduling-1]  c.e.d.DemoApplication - Some info
[ERROR] 2024-04-18 18:11:27.833 [scheduling-1]  c.e.d.DemoApplication - Some error
[INFO ] 2024-04-18 18:11:27.834 [scheduling-1]  c.e.d.DemoApplication - Some info
[ERROR] 2024-04-18 18:11:28.847 [scheduling-1]  c.e.d.DemoApplication - Some error
[INFO ] 2024-04-18 18:11:28.847 [scheduling-1]  c.e.d.DemoApplication - Some info
[ERROR] 2024-04-18 18:11:29.862 [scheduling-1]  c.e.d.DemoApplication - Some error
[INFO ] 2024-04-18 18:11:29.863 [scheduling-1]  c.e.d.DemoApplication - Some info
[ERROR] 2024-04-18 18:11:30.877 [scheduling-1]  c.e.d.DemoApplication - Some error
[INFO ] 2024-04-18 18:11:30.878 [scheduling-1]  c.e.d.DemoApplication - Some info
[ERROR] 2024-04-18 18:11:31.881 [scheduling-1]  c.e.d.DemoApplication - Some error
[INFO ] 2024-04-18 18:11:31.881 [scheduling-1]  c.e.d.DemoApplication - Some info
[ERROR] 2024-04-18 18:11:32.887 [scheduling-1]  c.e.d.DemoApplication - Some error
[INFO ] 2024-04-18 18:11:32.889 [scheduling-1]  c.e.d.DemoApplication - Some info
[ERROR] 2024-04-18 18:11:33.901 [scheduling-1]  c.e.d.DemoApplication - Some error
[INFO ] 2024-04-18 18:11:33.902 [scheduling-1]  c.e.d.DemoApplication - Some info
[ERROR] 2024-04-18 18:11:34.913 [scheduling-1]  c.e.d.DemoApplication - Some error
[INFO ] 2024-04-18 18:11:34.915 [scheduling-1]  c.e.d.DemoApplication - Some info
[ERROR] 2024-04-18 18:11:35.921 [scheduling-1]  c.e.d.DemoApplication - Some error
[INFO ] 2024-04-18 18:11:35.922 [scheduling-1]  c.e.d.DemoApplication - Some info
[ERROR] 2024-04-18 18:11:36.936 [scheduling-1]  c.e.d.DemoApplication - Some error
[INFO ] 2024-04-18 18:11:36.938 [scheduling-1]  c.e.d.DemoApplication - Some info
[ERROR] 2024-04-18 18:11:37.949 [scheduling-1]  c.e.d.DemoApplication - Some error
[INFO ] 2024-04-18 18:11:37.950 [scheduling-1]  c.e.d.DemoApplication - Some info
[ERROR] 2024-04-18 18:11:38.961 [scheduling-1]  c.e.d.DemoApplication - Some error
[INFO ] 2024-04-18 18:11:38.987 [scheduling-1]  c.e.d.DemoApplication - Some info
[ERROR] 2024-04-18 18:11:39.989 [scheduling-1]  c.e.d.DemoApplication - Some error
[INFO ] 2024-04-18 18:11:39.990 [scheduling-1]  c.e.d.DemoApplication - Some info
[ERROR] 2024-04-18 18:11:41.004 [scheduling-1]  c.e.d.DemoApplication - Some error
[INFO ] 2024-04-18 18:11:41.005 [scheduling-1]  c.e.d.DemoApplication - Some info
[ERROR] 2024-04-18 18:11:42.016 [scheduling-1]  c.e.d.DemoApplication - Some error
[INFO ] 2024-04-18 18:11:42.018 [scheduling-1]  c.e.d.DemoApplication - Some info
[ERROR] 2024-04-18 18:11:43.030 [scheduling-1]  c.e.d.DemoApplication - Some error
[INFO ] 2024-04-18 18:11:43.031 [scheduling-1]  c.e.d.DemoApplication - Some info
[ERROR] 2024-04-18 18:11:44.033 [scheduling-1]  c.e.d.DemoApplication - Some error
[INFO ] 2024-04-18 18:11:44.034 [scheduling-1]  c.e.d.DemoApplication - Some info
[ERROR] 2024-04-18 18:11:45.044 [scheduling-1]  c.e.d.DemoApplication - Some error
[INFO ] 2024-04-18 18:11:45.044 [scheduling-1]  c.e.d.DemoApplication - Some info
[ERROR] 2024-04-18 18:11:46.058 [scheduling-1]  c.e.d.DemoApplication - Some error
[INFO ] 2024-04-18 18:11:46.059 [scheduling-1]  c.e.d.DemoApplication - Some info
[ERROR] 2024-04-18 18:11:47.062 [scheduling-1]  c.e.d.DemoApplication - Some error
[INFO ] 2024-04-18 18:11:47.063 [scheduling-1]  c.e.d.DemoApplication - Some info
[ERROR] 2024-04-18 18:11:48.075 [scheduling-1]  c.e.d.DemoApplication - Some error
[INFO ] 2024-04-18 18:11:48.075 [scheduling-1]  c.e.d.DemoApplication - Some info
[ERROR] 2024-04-18 18:11:49.082 [scheduling-1]  c.e.d.DemoApplication - Some error
[INFO ] 2024-04-18 18:11:49.121 [scheduling-1]  c.e.d.DemoApplication - Some info
[ERROR] 2024-04-18 18:11:50.128 [scheduling-1]  c.e.d.DemoApplication - Some error
[INFO ] 2024-04-18 18:11:50.129 [scheduling-1]  c.e.d.DemoApplication - Some info
[ERROR] 2024-04-18 18:11:51.139 [scheduling-1]  c.e.d.DemoApplication - Some error
[INFO ] 2024-04-18 18:11:51.140 [scheduling-1]  c.e.d.DemoApplication - Some info
[ERROR] 2024-04-18 18:11:52.150 [scheduling-1]  c.e.d.DemoApplication - Some error
[INFO ] 2024-04-18 18:11:52.151 [scheduling-1]  c.e.d.DemoApplication - Some info
[ERROR] 2024-04-18 18:11:53.164 [scheduling-1]  c.e.d.DemoApplication - Some error
[INFO ] 2024-04-18 18:11:53.165 [scheduling-1]  c.e.d.DemoApplication - Some info
[ERROR] 2024-04-18 18:11:54.179 [scheduling-1]  c.e.d.DemoApplication - Some error
[INFO ] 2024-04-18 18:11:54.179 [scheduling-1]  c.e.d.DemoApplication - Some info
[ERROR] 2024-04-18 18:11:55.185 [scheduling-1]  c.e.d.DemoApplication - Some error
[INFO ] 2024-04-18 18:11:55.185 [scheduling-1]  c.e.d.DemoApplication - Some info
[ERROR] 2024-04-18 18:11:56.198 [scheduling-1]  c.e.d.DemoApplication - Some error
[INFO ] 2024-04-18 18:11:56.198 [scheduling-1]  c.e.d.DemoApplication - Some info
[ERROR] 2024-04-18 18:11:57.206 [scheduling-1]  c.e.d.DemoApplication - Some error
[INFO ] 2024-04-18 18:11:57.206 [scheduling-1]  c.e.d.DemoApplication - Some info
[ERROR] 2024-04-18 18:11:58.219 [scheduling-1]  c.e.d.DemoApplication - Some error
[INFO ] 2024-04-18 18:11:58.220 [scheduling-1]  c.e.d.DemoApplication - Some info
[ERROR] 2024-04-18 18:11:59.228 [scheduling-1]  c.e.d.DemoApplication - Some error
[INFO ] 2024-04-18 18:11:59.228 [scheduling-1]  c.e.d.DemoApplication - Some info
[ERROR] 2024-04-18 18:12:00.238 [scheduling-1]  c.e.d.DemoApplication - Some error
[INFO ] 2024-04-18 18:12:00.238 [scheduling-1]  c.e.d.DemoApplication - Some info
[ERROR] 2024-04-18 18:12:01.254 [scheduling-1]  c.e.d.DemoApplication - Some error
[INFO ] 2024-04-18 18:12:01.255 [scheduling-1]  c.e.d.DemoApplication - Some info
[ERROR] 2024-04-18 18:12:02.262 [scheduling-1]  c.e.d.DemoApplication - Some error
[INFO ] 2024-04-18 18:12:02.309 [scheduling-1]  c.e.d.DemoApplication - Some info
[ERROR] 2024-04-18 18:12:03.313 [scheduling-1]  c.e.d.DemoApplication - Some error
[INFO ] 2024-04-18 18:12:03.339 [scheduling-1]  c.e.d.DemoApplication - Some info
[ERROR] 2024-04-18 18:12:04.347 [scheduling-1]  c.e.d.DemoApplication - Some error
[INFO ] 2024-04-18 18:12:04.347 [scheduling-1]  c.e.d.DemoApplication - Some info
[ERROR] 2024-04-18 18:12:05.362 [scheduling-1]  c.e.d.DemoApplication - Some error
[INFO ] 2024-04-18 18:12:05.363 [scheduling-1]  c.e.d.DemoApplication - Some info
[ERROR] 2024-04-18 18:12:06.371 [scheduling-1]  c.e.d.DemoApplication - Some error
[INFO ] 2024-04-18 18:12:06.372 [scheduling-1]  c.e.d.DemoApplication - Some info
[ERROR] 2024-04-18 18:12:07.379 [scheduling-1]  c.e.d.DemoApplication - Some error
[INFO ] 2024-04-18 18:12:07.380 [scheduling-1]  c.e.d.DemoApplication - Some info
[ERROR] 2024-04-18 18:12:08.385 [scheduling-1]  c.e.d.DemoApplication - Some error
[INFO ] 2024-04-18 18:12:08.388 [scheduling-1]  c.e.d.DemoApplication - Some info
[ERROR] 2024-04-18 18:12:09.389 [scheduling-1]  c.e.d.DemoApplication - Some error
[INFO ] 2024-04-18 18:12:09.389 [scheduling-1]  c.e.d.DemoApplication - Some info
[ERROR] 2024-04-18 18:12:10.404 [scheduling-1]  c.e.d.DemoApplication - Some error
[INFO ] 2024-04-18 18:12:10.404 [scheduling-1]  c.e.d.DemoApplication - Some info
[ERROR] 2024-04-18 18:12:11.407 [scheduling-1]  c.e.d.DemoApplication - Some error
[INFO ] 2024-04-18 18:12:11.407 [scheduling-1]  c.e.d.DemoApplication - Some info
[ERROR] 2024-04-18 18:12:12.411 [scheduling-1]  c.e.d.DemoApplication - Some error
[INFO ] 2024-04-18 18:12:12.411 [scheduling-1]  c.e.d.DemoApplication - Some info
[ERROR] 2024-04-18 18:12:13.415 [scheduling-1]  c.e.d.DemoApplication - Some error
[INFO ] 2024-04-18 18:12:13.416 [scheduling-1]  c.e.d.DemoApplication - Some info
[ERROR] 2024-04-18 18:12:14.427 [scheduling-1]  c.e.d.DemoApplication - Some error
[INFO ] 2024-04-18 18:12:14.428 [scheduling-1]  c.e.d.DemoApplication - Some info
[ERROR] 2024-04-18 18:12:15.431 [scheduling-1]  c.e.d.DemoApplication - Some error
[INFO ] 2024-04-18 18:12:15.431 [scheduling-1]  c.e.d.DemoApplication - Some info
[ERROR] 2024-04-18 18:12:16.433 [scheduling-1]  c.e.d.DemoApplication - Some error
[INFO ] 2024-04-18 18:12:16.433 [scheduling-1]  c.e.d.DemoApplication - Some info
[ERROR] 2024-04-18 18:12:17.447 [scheduling-1]  c.e.d.DemoApplication - Some error
[INFO ] 2024-04-18 18:12:17.447 [scheduling-1]  c.e.d.DemoApplication - Some info
[ERROR] 2024-04-18 18:12:18.449 [scheduling-1]  c.e.d.DemoApplication - Some error
[INFO ] 2024-04-18 18:12:18.449 [scheduling-1]  c.e.d.DemoApplication - Some info
[ERROR] 2024-04-18 18:12:19.455 [scheduling-1]  c.e.d.DemoApplication - Some error
[INFO ] 2024-04-18 18:12:19.455 [scheduling-1]  c.e.d.DemoApplication - Some info
[ERROR] 2024-04-18 18:12:20.470 [scheduling-1]  c.e.d.DemoApplication - Some error
[INFO ] 2024-04-18 18:12:20.470 [scheduling-1]  c.e.d.DemoApplication - Some info
[ERROR] 2024-04-18 18:12:21.481 [scheduling-1]  c.e.d.DemoApplication - Some error
[INFO ] 2024-04-18 18:12:21.481 [scheduling-1]  c.e.d.DemoApplication - Some info
[ERROR] 2024-04-18 18:12:22.491 [scheduling-1]  c.e.d.DemoApplication - Some error
[INFO ] 2024-04-18 18:12:22.492 [scheduling-1]  c.e.d.DemoApplication - Some info
[ERROR] 2024-04-18 18:12:23.506 [scheduling-1]  c.e.d.DemoApplication - Some error
[INFO ] 2024-04-18 18:12:23.507 [scheduling-1]  c.e.d.DemoApplication - Some info
[ERROR] 2024-04-18 18:12:24.509 [scheduling-1]  c.e.d.DemoApplication - Some error
[INFO ] 2024-04-18 18:12:24.509 [scheduling-1]  c.e.d.DemoApplication - Some info
[ERROR] 2024-04-18 18:12:25.525 [scheduling-1]  c.e.d.DemoApplication - Some error
[INFO ] 2024-04-18 18:12:25.526 [scheduling-1]  c.e.d.DemoApplication - Some info
[ERROR] 2024-04-18 18:12:26.527 [scheduling-1]  c.e.d.DemoApplication - Some error
[INFO ] 2024-04-18 18:12:26.527 [scheduling-1]  c.e.d.DemoApplication - Some info
[ERROR] 2024-04-18 18:12:27.540 [scheduling-1]  c.e.d.DemoApplication - Some error
[INFO ] 2024-04-18 18:12:27.540 [scheduling-1]  c.e.d.DemoApplication - Some info
[ERROR] 2024-04-18 18:12:28.554 [scheduling-1]  c.e.d.DemoApplication - Some error
[INFO ] 2024-04-18 18:12:28.554 [scheduling-1]  c.e.d.DemoApplication - Some info
[ERROR] 2024-04-18 18:12:29.570 [scheduling-1]  c.e.d.DemoApplication - Some error
[INFO ] 2024-04-18 18:12:29.570 [scheduling-1]  c.e.d.DemoApplication - Some info
[ERROR] 2024-04-18 18:12:30.579 [scheduling-1]  c.e.d.DemoApplication - Some error
[INFO ] 2024-04-18 18:12:30.579 [scheduling-1]  c.e.d.DemoApplication - Some info
[ERROR] 2024-04-18 18:12:31.588 [scheduling-1]  c.e.d.DemoApplication - Some error
[INFO ] 2024-04-18 18:12:31.588 [scheduling-1]  c.e.d.DemoApplication - Some info
[ERROR] 2024-04-18 18:12:32.602 [scheduling-1]  c.e.d.DemoApplication - Some error
[INFO ] 2024-04-18 18:12:32.602 [scheduling-1]  c.e.d.DemoApplication - Some info
[ERROR] 2024-04-18 18:12:33.614 [scheduling-1]  c.e.d.DemoApplication - Some error
[INFO ] 2024-04-18 18:12:33.614 [scheduling-1]  c.e.d.DemoApplication - Some info
[ERROR] 2024-04-18 18:12:34.628 [scheduling-1]  c.e.d.DemoApplication - Some error
[INFO ] 2024-04-18 18:12:34.628 [scheduling-1]  c.e.d.DemoApplication - Some info
[ERROR] 2024-04-18 18:12:35.630 [scheduling-1]  c.e.d.DemoApplication - Some error
[INFO ] 2024-04-18 18:12:35.631 [scheduling-1]  c.e.d.DemoApplication - Some info
[ERROR] 2024-04-18 18:12:36.634 [scheduling-1]  c.e.d.DemoApplication - Some error
[INFO ] 2024-04-18 18:12:36.634 [scheduling-1]  c.e.d.DemoApplication - Some info
[ERROR] 2024-04-18 18:12:37.636 [scheduling-1]  c.e.d.DemoApplication - Some error
[INFO ] 2024-04-18 18:12:37.636 [scheduling-1]  c.e.d.DemoApplication - Some info
[ERROR] 2024-04-18 18:12:38.638 [scheduling-1]  c.e.d.DemoApplication - Some error
[INFO ] 2024-04-18 18:12:38.638 [scheduling-1]  c.e.d.DemoApplication - Some info
[ERROR] 2024-04-18 18:12:39.644 [scheduling-1]  c.e.d.DemoApplication - Some error
[INFO ] 2024-04-18 18:12:39.644 [scheduling-1]  c.e.d.DemoApplication - Some info
[ERROR] 2024-04-18 18:12:40.655 [scheduling-1]  c.e.d.DemoApplication - Some error
[INFO ] 2024-04-18 18:12:40.655 [scheduling-1]  c.e.d.DemoApplication - Some info
[ERROR] 2024-04-18 18:12:41.671 [scheduling-1]  c.e.d.DemoApplication - Some error
[INFO ] 2024-04-18 18:12:41.671 [scheduling-1]  c.e.d.DemoApplication - Some info
[ERROR] 2024-04-18 18:12:42.681 [scheduling-1]  c.e.d.DemoApplication - Some error
[INFO ] 2024-04-18 18:12:42.681 [scheduling-1]  c.e.d.DemoApplication - Some info
[ERROR] 2024-04-18 18:12:43.685 [scheduling-1]  c.e.d.DemoApplication - Some error
[INFO ] 2024-04-18 18:12:43.685 [scheduling-1]  c.e.d.DemoApplication - Some info
[ERROR] 2024-04-18 18:12:44.699 [scheduling-1]  c.e.d.DemoApplication - Some error
[INFO ] 2024-04-18 18:12:44.699 [scheduling-1]  c.e.d.DemoApplication - Some info
[ERROR] 2024-04-18 18:12:45.703 [scheduling-1]  c.e.d.DemoApplication - Some error
[INFO ] 2024-04-18 18:12:45.703 [scheduling-1]  c.e.d.DemoApplication - Some info
[ERROR] 2024-04-18 18:12:46.717 [scheduling-1]  c.e.d.DemoApplication - Some error
[INFO ] 2024-04-18 18:12:46.718 [scheduling-1]  c.e.d.DemoApplication - Some info
[ERROR] 2024-04-18 18:12:47.720 [scheduling-1]  c.e.d.DemoApplication - Some error
[INFO ] 2024-04-18 18:12:47.720 [scheduling-1]  c.e.d.DemoApplication - Some info
[ERROR] 2024-04-18 18:12:48.733 [scheduling-1]  c.e.d.DemoApplication - Some error
[INFO ] 2024-04-18 18:12:48.733 [scheduling-1]  c.e.d.DemoApplication - Some info
[ERROR] 2024-04-18 18:12:49.738 [scheduling-1]  c.e.d.DemoApplication - Some error
[INFO ] 2024-04-18 18:12:49.738 [scheduling-1]  c.e.d.DemoApplication - Some info
[ERROR] 2024-04-18 18:12:50.744 [scheduling-1]  c.e.d.DemoApplication - Some error
[INFO ] 2024-04-18 18:12:50.744 [scheduling-1]  c.e.d.DemoApplication - Some info
[ERROR] 2024-04-18 18:12:51.746 [scheduling-1]  c.e.d.DemoApplication - Some error
[INFO ] 2024-04-18 18:12:51.746 [scheduling-1]  c.e.d.DemoApplication - Some info
[ERROR] 2024-04-18 18:12:52.756 [scheduling-1]  c.e.d.DemoApplication - Some error
[INFO ] 2024-04-18 18:12:52.756 [scheduling-1]  c.e.d.DemoApplication - Some info
[ERROR] 2024-04-18 18:12:53.760 [scheduling-1]  c.e.d.DemoApplication - Some error
[INFO ] 2024-04-18 18:12:53.760 [scheduling-1]  c.e.d.DemoApplication - Some info
[ERROR] 2024-04-18 18:12:54.764 [scheduling-1]  c.e.d.DemoApplication - Some error
[INFO ] 2024-04-18 18:12:54.765 [scheduling-1]  c.e.d.DemoApplication - Some info
[ERROR] 2024-04-18 18:12:55.778 [scheduling-1]  c.e.d.DemoApplication - Some error
[INFO ] 2024-04-18 18:12:55.779 [scheduling-1]  c.e.d.DemoApplication - Some info
[ERROR] 2024-04-18 18:12:56.792 [scheduling-1]  c.e.d.DemoApplication - Some error
[INFO ] 2024-04-18 18:12:56.792 [scheduling-1]  c.e.d.DemoApplication - Some info
[ERROR] 2024-04-18 18:12:57.804 [scheduling-1]  c.e.d.DemoApplication - Some error
[INFO ] 2024-04-18 18:12:57.804 [scheduling-1]  c.e.d.DemoApplication - Some info
[ERROR] 2024-04-18 18:12:58.816 [scheduling-1]  c.e.d.DemoApplication - Some error
[INFO ] 2024-04-18 18:12:58.816 [scheduling-1]  c.e.d.DemoApplication - Some info
[ERROR] 2024-04-18 18:12:59.831 [scheduling-1]  c.e.d.DemoApplication - Some error
[INFO ] 2024-04-18 18:12:59.831 [scheduling-1]  c.e.d.DemoApplication - Some info
[ERROR] 2024-04-18 18:13:00.845 [scheduling-1]  c.e.d.DemoApplication - Some error
[INFO ] 2024-04-18 18:13:00.845 [scheduling-1]  c.e.d.DemoApplication - Some info
[ERROR] 2024-04-18 18:13:01.851 [scheduling-1]  c.e.d.DemoApplication - Some error
[INFO ] 2024-04-18 18:13:01.851 [scheduling-1]  c.e.d.DemoApplication - Some info
[ERROR] 2024-04-18 18:13:02.853 [scheduling-1]  c.e.d.DemoApplication - Some error
[INFO ] 2024-04-18 18:13:02.853 [scheduling-1]  c.e.d.DemoApplication - Some info
[ERROR] 2024-04-18 18:13:03.854 [scheduling-1]  c.e.d.DemoApplication - Some error
[INFO ] 2024-04-18 18:13:03.854 [scheduling-1]  c.e.d.DemoApplication - Some info
[ERROR] 2024-04-18 18:13:04.857 [scheduling-1]  c.e.d.DemoApplication - Some error
[INFO ] 2024-04-18 18:13:04.857 [scheduling-1]  c.e.d.DemoApplication - Some info
[ERROR] 2024-04-18 18:13:05.861 [scheduling-1]  c.e.d.DemoApplication - Some error
[INFO ] 2024-04-18 18:13:05.861 [scheduling-1]  c.e.d.DemoApplication - Some info
[ERROR] 2024-04-18 18:13:06.867 [scheduling-1]  c.e.d.DemoApplication - Some error
[INFO ] 2024-04-18 18:13:06.867 [scheduling-1]  c.e.d.DemoApplication - Some info
[ERROR] 2024-04-18 18:13:07.875 [scheduling-1]  c.e.d.DemoApplication - Some error
[INFO ] 2024-04-18 18:13:07.875 [scheduling-1]  c.e.d.DemoApplication - Some info
[ERROR] 2024-04-18 18:13:08.881 [scheduling-1]  c.e.d.DemoApplication - Some error
[INFO ] 2024-04-18 18:13:08.883 [scheduling-1]  c.e.d.DemoApplication - Some info
[ERROR] 2024-04-18 18:13:09.899 [scheduling-1]  c.e.d.DemoApplication - Some error
[INFO ] 2024-04-18 18:13:09.899 [scheduling-1]  c.e.d.DemoApplication - Some info
[ERROR] 2024-04-18 18:13:10.905 [scheduling-1]  c.e.d.DemoApplication - Some error
[INFO ] 2024-04-18 18:13:10.906 [scheduling-1]  c.e.d.DemoApplication - Some info
[ERROR] 2024-04-18 18:13:11.907 [scheduling-1]  c.e.d.DemoApplication - Some error
[INFO ] 2024-04-18 18:13:11.907 [scheduling-1]  c.e.d.DemoApplication - Some info
[ERROR] 2024-04-18 18:13:12.922 [scheduling-1]  c.e.d.DemoApplication - Some error
[INFO ] 2024-04-18 18:13:12.922 [scheduling-1]  c.e.d.DemoApplication - Some info
[ERROR] 2024-04-18 18:13:13.927 [scheduling-1]  c.e.d.DemoApplication - Some error
[INFO ] 2024-04-18 18:13:13.928 [scheduling-1]  c.e.d.DemoApplication - Some info
[ERROR] 2024-04-18 18:13:14.930 [scheduling-1]  c.e.d.DemoApplication - Some error
[INFO ] 2024-04-18 18:13:14.931 [scheduling-1]  c.e.d.DemoApplication - Some info
[ERROR] 2024-04-18 18:13:15.945 [scheduling-1]  c.e.d.DemoApplication - Some error
[INFO ] 2024-04-18 18:13:15.946 [scheduling-1]  c.e.d.DemoApplication - Some info
[ERROR] 2024-04-18 18:13:16.950 [scheduling-1]  c.e.d.DemoApplication - Some error
[INFO ] 2024-04-18 18:13:16.951 [scheduling-1]  c.e.d.DemoApplication - Some info
[ERROR] 2024-04-18 18:13:17.966 [scheduling-1]  c.e.d.DemoApplication - Some error
[INFO ] 2024-04-18 18:13:17.968 [scheduling-1]  c.e.d.DemoApplication - Some info
[ERROR] 2024-04-18 18:13:18.986 [scheduling-1]  c.e.d.DemoApplication - Some error
[INFO ] 2024-04-18 18:13:18.987 [scheduling-1]  c.e.d.DemoApplication - Some info
[ERROR] 2024-04-18 18:13:19.990 [scheduling-1]  c.e.d.DemoApplication - Some error
[INFO ] 2024-04-18 18:13:19.990 [scheduling-1]  c.e.d.DemoApplication - Some info
[ERROR] 2024-04-18 18:13:21.002 [scheduling-1]  c.e.d.DemoApplication - Some error
[INFO ] 2024-04-18 18:13:21.002 [scheduling-1]  c.e.d.DemoApplication - Some info
[ERROR] 2024-04-18 18:13:22.016 [scheduling-1]  c.e.d.DemoApplication - Some error
[INFO ] 2024-04-18 18:13:22.016 [scheduling-1]  c.e.d.DemoApplication - Some info
[ERROR] 2024-04-18 18:13:23.020 [scheduling-1]  c.e.d.DemoApplication - Some error
[INFO ] 2024-04-18 18:13:23.020 [scheduling-1]  c.e.d.DemoApplication - Some info
[ERROR] 2024-04-18 18:13:24.029 [scheduling-1]  c.e.d.DemoApplication - Some error
[INFO ] 2024-04-18 18:13:24.029 [scheduling-1]  c.e.d.DemoApplication - Some info
[ERROR] 2024-04-18 18:13:25.030 [scheduling-1]  c.e.d.DemoApplication - Some error
[INFO ] 2024-04-18 18:13:25.030 [scheduling-1]  c.e.d.DemoApplication - Some info
[ERROR] 2024-04-18 18:13:26.044 [scheduling-1]  c.e.d.DemoApplication - Some error
[INFO ] 2024-04-18 18:13:26.044 [scheduling-1]  c.e.d.DemoApplication - Some info
[ERROR] 2024-04-18 18:13:27.058 [scheduling-1]  c.e.d.DemoApplication - Some error
[INFO ] 2024-04-18 18:13:27.059 [scheduling-1]  c.e.d.DemoApplication - Some info
[ERROR] 2024-04-18 18:13:28.060 [scheduling-1]  c.e.d.DemoApplication - Some error
[INFO ] 2024-04-18 18:13:28.060 [scheduling-1]  c.e.d.DemoApplication - Some info
[ERROR] 2024-04-18 18:13:29.074 [scheduling-1]  c.e.d.DemoApplication - Some error
[INFO ] 2024-04-18 18:13:29.075 [scheduling-1]  c.e.d.DemoApplication - Some info
[ERROR] 2024-04-18 18:13:30.083 [scheduling-1]  c.e.d.DemoApplication - Some error
[INFO ] 2024-04-18 18:13:30.083 [scheduling-1]  c.e.d.DemoApplication - Some info
[ERROR] 2024-04-18 18:13:31.098 [scheduling-1]  c.e.d.DemoApplication - Some error
[INFO ] 2024-04-18 18:13:31.098 [scheduling-1]  c.e.d.DemoApplication - Some info
[ERROR] 2024-04-18 18:13:32.104 [scheduling-1]  c.e.d.DemoApplication - Some error
[INFO ] 2024-04-18 18:13:32.104 [scheduling-1]  c.e.d.DemoApplication - Some info
[ERROR] 2024-04-18 18:13:33.106 [scheduling-1]  c.e.d.DemoApplication - Some error
[INFO ] 2024-04-18 18:13:33.106 [scheduling-1]  c.e.d.DemoApplication - Some info
[ERROR] 2024-04-18 18:13:34.119 [scheduling-1]  c.e.d.DemoApplication - Some error
[INFO ] 2024-04-18 18:13:34.119 [scheduling-1]  c.e.d.DemoApplication - Some info
[ERROR] 2024-04-18 18:13:35.125 [scheduling-1]  c.e.d.DemoApplication - Some error
[INFO ] 2024-04-18 18:13:35.125 [scheduling-1]  c.e.d.DemoApplication - Some info
[ERROR] 2024-04-18 18:13:36.137 [scheduling-1]  c.e.d.DemoApplication - Some error
[INFO ] 2024-04-18 18:13:36.138 [scheduling-1]  c.e.d.DemoApplication - Some info
[ERROR] 2024-04-18 18:13:37.143 [scheduling-1]  c.e.d.DemoApplication - Some error
[INFO ] 2024-04-18 18:13:37.143 [scheduling-1]  c.e.d.DemoApplication - Some info
[ERROR] 2024-04-18 18:13:38.147 [scheduling-1]  c.e.d.DemoApplication - Some error
[INFO ] 2024-04-18 18:13:38.147 [scheduling-1]  c.e.d.DemoApplication - Some info
[ERROR] 2024-04-18 18:13:39.149 [scheduling-1]  c.e.d.DemoApplication - Some error
[INFO ] 2024-04-18 18:13:39.149 [scheduling-1]  c.e.d.DemoApplication - Some info
[ERROR] 2024-04-18 18:13:40.163 [scheduling-1]  c.e.d.DemoApplication - Some error
[INFO ] 2024-04-18 18:13:40.163 [scheduling-1]  c.e.d.DemoApplication - Some info
[ERROR] 2024-04-18 18:13:41.167 [scheduling-1]  c.e.d.DemoApplication - Some error
[INFO ] 2024-04-18 18:13:41.167 [scheduling-1]  c.e.d.DemoApplication - Some info
[ERROR] 2024-04-18 18:13:42.173 [scheduling-1]  c.e.d.DemoApplication - Some error
[INFO ] 2024-04-18 18:13:42.173 [scheduling-1]  c.e.d.DemoApplication - Some info
[ERROR] 2024-04-18 18:13:43.181 [scheduling-1]  c.e.d.DemoApplication - Some error
[INFO ] 2024-04-18 18:13:43.181 [scheduling-1]  c.e.d.DemoApplication - Some info
[ERROR] 2024-04-18 18:13:44.198 [scheduling-1]  c.e.d.DemoApplication - Some error
[INFO ] 2024-04-18 18:13:44.198 [scheduling-1]  c.e.d.DemoApplication - Some info
[ERROR] 2024-04-18 18:13:45.200 [scheduling-1]  c.e.d.DemoApplication - Some error
[INFO ] 2024-04-18 18:13:45.200 [scheduling-1]  c.e.d.DemoApplication - Some info
[ERROR] 2024-04-18 18:13:46.206 [scheduling-1]  c.e.d.DemoApplication - Some error
[INFO ] 2024-04-18 18:13:46.206 [scheduling-1]  c.e.d.DemoApplication - Some info
[ERROR] 2024-04-18 18:13:47.216 [scheduling-1]  c.e.d.DemoApplication - Some error
[INFO ] 2024-04-18 18:13:47.216 [scheduling-1]  c.e.d.DemoApplication - Some info
[ERROR] 2024-04-18 18:13:48.220 [scheduling-1]  c.e.d.DemoApplication - Some error
[INFO ] 2024-04-18 18:13:48.220 [scheduling-1]  c.e.d.DemoApplication - Some info
[ERROR] 2024-04-18 18:13:49.230 [scheduling-1]  c.e.d.DemoApplication - Some error
[INFO ] 2024-04-18 18:13:49.230 [scheduling-1]  c.e.d.DemoApplication - Some info
[ERROR] 2024-04-18 18:13:50.232 [scheduling-1]  c.e.d.DemoApplication - Some error
[INFO ] 2024-04-18 18:13:50.232 [scheduling-1]  c.e.d.DemoApplication - Some info
[ERROR] 2024-04-18 18:13:51.244 [scheduling-1]  c.e.d.DemoApplication - Some error
[INFO ] 2024-04-18 18:13:51.244 [scheduling-1]  c.e.d.DemoApplication - Some info
[ERROR] 2024-04-18 18:13:52.248 [scheduling-1]  c.e.d.DemoApplication - Some error
[INFO ] 2024-04-18 18:13:52.248 [scheduling-1]  c.e.d.DemoApplication - Some info
[ERROR] 2024-04-18 18:13:53.250 [scheduling-1]  c.e.d.DemoApplication - Some error
[INFO ] 2024-04-18 18:13:53.251 [scheduling-1]  c.e.d.DemoApplication - Some info
[ERROR] 2024-04-18 18:13:54.262 [scheduling-1]  c.e.d.DemoApplication - Some error
[INFO ] 2024-04-18 18:13:54.262 [scheduling-1]  c.e.d.DemoApplication - Some info
[ERROR] 2024-04-18 18:13:55.278 [scheduling-1]  c.e.d.DemoApplication - Some error
[INFO ] 2024-04-18 18:13:55.278 [scheduling-1]  c.e.d.DemoApplication - Some info
[ERROR] 2024-04-18 18:13:56.284 [scheduling-1]  c.e.d.DemoApplication - Some error
[INFO ] 2024-04-18 18:13:56.284 [scheduling-1]  c.e.d.DemoApplication - Some info
[ERROR] 2024-04-18 18:13:57.290 [scheduling-1]  c.e.d.DemoApplication - Some error
[INFO ] 2024-04-18 18:13:57.290 [scheduling-1]  c.e.d.DemoApplication - Some info
[ERROR] 2024-04-18 18:13:58.304 [scheduling-1]  c.e.d.DemoApplication - Some error
[INFO ] 2024-04-18 18:13:58.304 [scheduling-1]  c.e.d.DemoApplication - Some info
[ERROR] 2024-04-18 18:13:59.318 [scheduling-1]  c.e.d.DemoApplication - Some error
[INFO ] 2024-04-18 18:13:59.318 [scheduling-1]  c.e.d.DemoApplication - Some info
[ERROR] 2024-04-18 18:14:00.319 [scheduling-1]  c.e.d.DemoApplication - Some error
[INFO ] 2024-04-18 18:14:00.319 [scheduling-1]  c.e.d.DemoApplication - Some info
[ERROR] 2024-04-18 18:14:01.321 [scheduling-1]  c.e.d.DemoApplication - Some error
[INFO ] 2024-04-18 18:14:01.321 [scheduling-1]  c.e.d.DemoApplication - Some info
[ERROR] 2024-04-18 18:14:02.337 [scheduling-1]  c.e.d.DemoApplication - Some error
[INFO ] 2024-04-18 18:14:02.337 [scheduling-1]  c.e.d.DemoApplication - Some info
[ERROR] 2024-04-18 18:14:03.351 [scheduling-1]  c.e.d.DemoApplication - Some error
[INFO ] 2024-04-18 18:14:03.351 [scheduling-1]  c.e.d.DemoApplication - Some info
[ERROR] 2024-04-18 18:14:04.355 [scheduling-1]  c.e.d.DemoApplication - Some error
[INFO ] 2024-04-18 18:14:04.355 [scheduling-1]  c.e.d.DemoApplication - Some info
[ERROR] 2024-04-18 18:14:05.357 [scheduling-1]  c.e.d.DemoApplication - Some error
[INFO ] 2024-04-18 18:14:05.357 [scheduling-1]  c.e.d.DemoApplication - Some info
[ERROR] 2024-04-18 18:14:06.359 [scheduling-1]  c.e.d.DemoApplication - Some error
[INFO ] 2024-04-18 18:14:06.359 [scheduling-1]  c.e.d.DemoApplication - Some info
[ERROR] 2024-04-18 18:14:07.363 [scheduling-1]  c.e.d.DemoApplication - Some error
[INFO ] 2024-04-18 18:14:07.363 [scheduling-1]  c.e.d.DemoApplication - Some info
[ERROR] 2024-04-18 18:14:08.369 [scheduling-1]  c.e.d.DemoApplication - Some error
[INFO ] 2024-04-18 18:14:08.369 [scheduling-1]  c.e.d.DemoApplication - Some info
[ERROR] 2024-04-18 18:14:09.377 [scheduling-1]  c.e.d.DemoApplication - Some error
[INFO ] 2024-04-18 18:14:09.378 [scheduling-1]  c.e.d.DemoApplication - Some info
[ERROR] 2024-04-18 18:14:10.383 [scheduling-1]  c.e.d.DemoApplication - Some error
[INFO ] 2024-04-18 18:14:10.384 [scheduling-1]  c.e.d.DemoApplication - Some info
[ERROR] 2024-04-18 18:14:11.397 [scheduling-1]  c.e.d.DemoApplication - Some error
[INFO ] 2024-04-18 18:14:11.398 [scheduling-1]  c.e.d.DemoApplication - Some info
[ERROR] 2024-04-18 18:14:12.411 [scheduling-1]  c.e.d.DemoApplication - Some error
[INFO ] 2024-04-18 18:14:12.412 [scheduling-1]  c.e.d.DemoApplication - Some info
[ERROR] 2024-04-18 18:14:13.413 [scheduling-1]  c.e.d.DemoApplication - Some error
[INFO ] 2024-04-18 18:14:13.413 [scheduling-1]  c.e.d.DemoApplication - Some info
[ERROR] 2024-04-18 18:14:14.417 [scheduling-1]  c.e.d.DemoApplication - Some error
[INFO ] 2024-04-18 18:14:14.417 [scheduling-1]  c.e.d.DemoApplication - Some info
[ERROR] 2024-04-18 18:14:15.429 [scheduling-1]  c.e.d.DemoApplication - Some error
[INFO ] 2024-04-18 18:14:15.429 [scheduling-1]  c.e.d.DemoApplication - Some info
[ERROR] 2024-04-18 18:14:16.433 [scheduling-1]  c.e.d.DemoApplication - Some error
[INFO ] 2024-04-18 18:14:16.433 [scheduling-1]  c.e.d.DemoApplication - Some info
[ERROR] 2024-04-18 18:14:17.439 [scheduling-1]  c.e.d.DemoApplication - Some error
[INFO ] 2024-04-18 18:14:17.439 [scheduling-1]  c.e.d.DemoApplication - Some info
[ERROR] 2024-04-18 18:14:18.452 [scheduling-1]  c.e.d.DemoApplication - Some error
[INFO ] 2024-04-18 18:14:18.452 [scheduling-1]  c.e.d.DemoApplication - Some info
[ERROR] 2024-04-18 18:14:19.467 [scheduling-1]  c.e.d.DemoApplication - Some error
[INFO ] 2024-04-18 18:14:19.467 [scheduling-1]  c.e.d.DemoApplication - Some info
[ERROR] 2024-04-18 18:14:20.483 [scheduling-1]  c.e.d.DemoApplication - Some error
[INFO ] 2024-04-18 18:14:20.483 [scheduling-1]  c.e.d.DemoApplication - Some info
[ERROR] 2024-04-18 18:14:21.485 [scheduling-1]  c.e.d.DemoApplication - Some error
[INFO ] 2024-04-18 18:14:21.485 [scheduling-1]  c.e.d.DemoApplication - Some info
[ERROR] 2024-04-18 18:14:22.487 [scheduling-1]  c.e.d.DemoApplication - Some error
[INFO ] 2024-04-18 18:14:22.487 [scheduling-1]  c.e.d.DemoApplication - Some info
[ERROR] 2024-04-18 18:14:23.491 [scheduling-1]  c.e.d.DemoApplication - Some error
[INFO ] 2024-04-18 18:14:23.491 [scheduling-1]  c.e.d.DemoApplication - Some info
[ERROR] 2024-04-18 18:14:24.495 [scheduling-1]  c.e.d.DemoApplication - Some error
[INFO ] 2024-04-18 18:14:24.495 [scheduling-1]  c.e.d.DemoApplication - Some info
[ERROR] 2024-04-18 18:14:25.499 [scheduling-1]  c.e.d.DemoApplication - Some error
[INFO ] 2024-04-18 18:14:25.499 [scheduling-1]  c.e.d.DemoApplication - Some info
[ERROR] 2024-04-18 18:14:26.503 [scheduling-1]  c.e.d.DemoApplication - Some error
[INFO ] 2024-04-18 18:14:26.503 [scheduling-1]  c.e.d.DemoApplication - Some info
[ERROR] 2024-04-18 18:14:27.509 [scheduling-1]  c.e.d.DemoApplication - Some error
[INFO ] 2024-04-18 18:14:27.510 [scheduling-1]  c.e.d.DemoApplication - Some info
[ERROR] 2024-04-18 18:14:28.515 [scheduling-1]  c.e.d.DemoApplication - Some error
[INFO ] 2024-04-18 18:14:28.515 [scheduling-1]  c.e.d.DemoApplication - Some info
[ERROR] 2024-04-18 18:14:29.519 [scheduling-1]  c.e.d.DemoApplication - Some error
[INFO ] 2024-04-18 18:14:29.519 [scheduling-1]  c.e.d.DemoApplication - Some info
[ERROR] 2024-04-18 18:14:30.531 [scheduling-1]  c.e.d.DemoApplication - Some error
[INFO ] 2024-04-18 18:14:30.531 [scheduling-1]  c.e.d.DemoApplication - Some info
[ERROR] 2024-04-18 18:14:31.533 [scheduling-1]  c.e.d.DemoApplication - Some error
[INFO ] 2024-04-18 18:14:31.534 [scheduling-1]  c.e.d.DemoApplication - Some info
[ERROR] 2024-04-18 18:14:32.537 [scheduling-1]  c.e.d.DemoApplication - Some error
[INFO ] 2024-04-18 18:14:32.537 [scheduling-1]  c.e.d.DemoApplication - Some info
[ERROR] 2024-04-18 18:14:33.539 [scheduling-1]  c.e.d.DemoApplication - Some error
[INFO ] 2024-04-18 18:14:33.539 [scheduling-1]  c.e.d.DemoApplication - Some info
[ERROR] 2024-04-18 18:14:34.553 [scheduling-1]  c.e.d.DemoApplication - Some error
[INFO ] 2024-04-18 18:14:34.661 [scheduling-1]  c.e.d.DemoApplication - Some info
[ERROR] 2024-04-18 18:14:35.663 [scheduling-1]  c.e.d.DemoApplication - Some error
[INFO ] 2024-04-18 18:14:35.663 [scheduling-1]  c.e.d.DemoApplication - Some info
[ERROR] 2024-04-18 18:14:36.670 [scheduling-1]  c.e.d.DemoApplication - Some error
[INFO ] 2024-04-18 18:14:36.670 [scheduling-1]  c.e.d.DemoApplication - Some info
[ERROR] 2024-04-18 18:14:37.671 [scheduling-1]  c.e.d.DemoApplication - Some error
[INFO ] 2024-04-18 18:14:37.671 [scheduling-1]  c.e.d.DemoApplication - Some info
[ERROR] 2024-04-18 18:14:38.680 [scheduling-1]  c.e.d.DemoApplication - Some error
[INFO ] 2024-04-18 18:14:38.680 [scheduling-1]  c.e.d.DemoApplication - Some info
[ERROR] 2024-04-18 18:14:39.682 [scheduling-1]  c.e.d.DemoApplication - Some error
[INFO ] 2024-04-18 18:14:39.682 [scheduling-1]  c.e.d.DemoApplication - Some info
[ERROR] 2024-04-18 18:14:40.688 [scheduling-1]  c.e.d.DemoApplication - Some error
[INFO ] 2024-04-18 18:14:40.688 [scheduling-1]  c.e.d.DemoApplication - Some info
[ERROR] 2024-04-18 18:14:41.692 [scheduling-1]  c.e.d.DemoApplication - Some error
[INFO ] 2024-04-18 18:14:41.692 [scheduling-1]  c.e.d.DemoApplication - Some info
[ERROR] 2024-04-18 18:14:42.694 [scheduling-1]  c.e.d.DemoApplication - Some error
[INFO ] 2024-04-18 18:14:42.695 [scheduling-1]  c.e.d.DemoApplication - Some info
[ERROR] 2024-04-18 18:14:43.704 [scheduling-1]  c.e.d.DemoApplication - Some error
[INFO ] 2024-04-18 18:14:43.705 [scheduling-1]  c.e.d.DemoApplication - Some info
[ERROR] 2024-04-18 18:14:44.716 [scheduling-1]  c.e.d.DemoApplication - Some error
[INFO ] 2024-04-18 18:14:44.716 [scheduling-1]  c.e.d.DemoApplication - Some info
[ERROR] 2024-04-18 18:14:45.731 [scheduling-1]  c.e.d.DemoApplication - Some error
[INFO ] 2024-04-18 18:14:45.731 [scheduling-1]  c.e.d.DemoApplication - Some info
[ERROR] 2024-04-18 18:14:46.734 [scheduling-1]  c.e.d.DemoApplication - Some error
[INFO ] 2024-04-18 18:14:46.734 [scheduling-1]  c.e.d.DemoApplication - Some info
[ERROR] 2024-04-18 18:14:47.738 [scheduling-1]  c.e.d.DemoApplication - Some error
[INFO ] 2024-04-18 18:14:47.738 [scheduling-1]  c.e.d.DemoApplication - Some info
[ERROR] 2024-04-18 18:14:48.750 [scheduling-1]  c.e.d.DemoApplication - Some error
[INFO ] 2024-04-18 18:14:48.750 [scheduling-1]  c.e.d.DemoApplication - Some info
[ERROR] 2024-04-18 18:14:49.754 [scheduling-1]  c.e.d.DemoApplication - Some error
[INFO ] 2024-04-18 18:14:49.754 [scheduling-1]  c.e.d.DemoApplication - Some info
[ERROR] 2024-04-18 18:14:50.760 [scheduling-1]  c.e.d.DemoApplication - Some error
[INFO ] 2024-04-18 18:14:50.761 [scheduling-1]  c.e.d.DemoApplication - Some info
[ERROR] 2024-04-18 18:14:51.764 [scheduling-1]  c.e.d.DemoApplication - Some error
[INFO ] 2024-04-18 18:14:51.764 [scheduling-1]  c.e.d.DemoApplication - Some info
[ERROR] 2024-04-18 18:14:52.770 [scheduling-1]  c.e.d.DemoApplication - Some error
[INFO ] 2024-04-18 18:14:52.770 [scheduling-1]  c.e.d.DemoApplication - Some info
[ERROR] 2024-04-18 18:14:53.772 [scheduling-1]  c.e.d.DemoApplication - Some error
[INFO ] 2024-04-18 18:14:53.772 [scheduling-1]  c.e.d.DemoApplication - Some info
[ERROR] 2024-04-18 18:14:54.776 [scheduling-1]  c.e.d.DemoApplication - Some error
[INFO ] 2024-04-18 18:14:54.776 [scheduling-1]  c.e.d.DemoApplication - Some info
[ERROR] 2024-04-18 18:14:55.778 [scheduling-1]  c.e.d.DemoApplication - Some error
[INFO ] 2024-04-18 18:14:55.778 [scheduling-1]  c.e.d.DemoApplication - Some info
[ERROR] 2024-04-18 18:14:56.784 [scheduling-1]  c.e.d.DemoApplication - Some error
[INFO ] 2024-04-18 18:14:56.784 [scheduling-1]  c.e.d.DemoApplication - Some info
[ERROR] 2024-04-18 18:14:57.800 [scheduling-1]  c.e.d.DemoApplication - Some error
[INFO ] 2024-04-18 18:14:57.800 [scheduling-1]  c.e.d.DemoApplication - Some info
[ERROR] 2024-04-18 18:14:58.809 [scheduling-1]  c.e.d.DemoApplication - Some error
[INFO ] 2024-04-18 18:14:58.809 [scheduling-1]  c.e.d.DemoApplication - Some info
[ERROR] 2024-04-18 18:14:59.824 [scheduling-1]  c.e.d.DemoApplication - Some error
[INFO ] 2024-04-18 18:14:59.825 [scheduling-1]  c.e.d.DemoApplication - Some info
[ERROR] 2024-04-18 18:15:00.826 [scheduling-1]  c.e.d.DemoApplication - Some error
[INFO ] 2024-04-18 18:15:00.826 [scheduling-1]  c.e.d.DemoApplication - Some info
[ERROR] 2024-04-18 18:15:01.830 [scheduling-1]  c.e.d.DemoApplication - Some error
[INFO ] 2024-04-18 18:15:01.830 [scheduling-1]  c.e.d.DemoApplication - Some info
[ERROR] 2024-04-18 18:15:02.834 [scheduling-1]  c.e.d.DemoApplication - Some error
[INFO ] 2024-04-18 18:15:02.834 [scheduling-1]  c.e.d.DemoApplication - Some info
[ERROR] 2024-04-18 18:15:03.840 [scheduling-1]  c.e.d.DemoApplication - Some error
[INFO ] 2024-04-18 18:15:03.841 [scheduling-1]  c.e.d.DemoApplication - Some info
[ERROR] 2024-04-18 18:15:04.846 [scheduling-1]  c.e.d.DemoApplication - Some error
[INFO ] 2024-04-18 18:15:04.846 [scheduling-1]  c.e.d.DemoApplication - Some info
[ERROR] 2024-04-18 18:15:05.852 [scheduling-1]  c.e.d.DemoApplication - Some error
[INFO ] 2024-04-18 18:15:05.852 [scheduling-1]  c.e.d.DemoApplication - Some info
[ERROR] 2024-04-18 18:15:06.866 [scheduling-1]  c.e.d.DemoApplication - Some error
[INFO ] 2024-04-18 18:15:06.866 [scheduling-1]  c.e.d.DemoApplication - Some info
[ERROR] 2024-04-18 18:15:07.878 [scheduling-1]  c.e.d.DemoApplication - Some error
[INFO ] 2024-04-18 18:15:07.879 [scheduling-1]  c.e.d.DemoApplication - Some info
[ERROR] 2024-04-18 18:15:08.894 [scheduling-1]  c.e.d.DemoApplication - Some error
[INFO ] 2024-04-18 18:15:08.895 [scheduling-1]  c.e.d.DemoApplication - Some info
[ERROR] 2024-04-18 18:15:09.900 [scheduling-1]  c.e.d.DemoApplication - Some error
[INFO ] 2024-04-18 18:15:09.901 [scheduling-1]  c.e.d.DemoApplication - Some info
[ERROR] 2024-04-18 18:15:10.904 [scheduling-1]  c.e.d.DemoApplication - Some error
[INFO ] 2024-04-18 18:15:10.904 [scheduling-1]  c.e.d.DemoApplication - Some info
[ERROR] 2024-04-18 18:15:11.906 [scheduling-1]  c.e.d.DemoApplication - Some error
[INFO ] 2024-04-18 18:15:11.906 [scheduling-1]  c.e.d.DemoApplication - Some info
[ERROR] 2024-04-18 18:15:12.910 [scheduling-1]  c.e.d.DemoApplication - Some error
[INFO ] 2024-04-18 18:15:12.911 [scheduling-1]  c.e.d.DemoApplication - Some info
[ERROR] 2024-04-18 18:15:13.916 [scheduling-1]  c.e.d.DemoApplication - Some error
[INFO ] 2024-04-18 18:15:13.917 [scheduling-1]  c.e.d.DemoApplication - Some info
[ERROR] 2024-04-18 18:15:14.922 [scheduling-1]  c.e.d.DemoApplication - Some error
[INFO ] 2024-04-18 18:15:14.922 [scheduling-1]  c.e.d.DemoApplication - Some info
[ERROR] 2024-04-18 18:15:15.926 [scheduling-1]  c.e.d.DemoApplication - Some error
[INFO ] 2024-04-18 18:15:15.926 [scheduling-1]  c.e.d.DemoApplication - Some info
[ERROR] 2024-04-18 18:15:16.928 [scheduling-1]  c.e.d.DemoApplication - Some error
[INFO ] 2024-04-18 18:15:16.928 [scheduling-1]  c.e.d.DemoApplication - Some info
[ERROR] 2024-04-18 18:15:17.932 [scheduling-1]  c.e.d.DemoApplication - Some error
[INFO ] 2024-04-18 18:15:17.932 [scheduling-1]  c.e.d.DemoApplication - Some info
[ERROR] 2024-04-18 18:15:18.936 [scheduling-1]  c.e.d.DemoApplication - Some error
[INFO ] 2024-04-18 18:15:18.936 [scheduling-1]  c.e.d.DemoApplication - Some info
[ERROR] 2024-04-18 18:15:19.940 [scheduling-1]  c.e.d.DemoApplication - Some error
[INFO ] 2024-04-18 18:15:19.940 [scheduling-1]  c.e.d.DemoApplication - Some info
[ERROR] 2024-04-18 18:15:20.946 [scheduling-1]  c.e.d.DemoApplication - Some error
[INFO ] 2024-04-18 18:15:20.946 [scheduling-1]  c.e.d.DemoApplication - Some info
[ERROR] 2024-04-18 18:15:21.958 [scheduling-1]  c.e.d.DemoApplication - Some error
[INFO ] 2024-04-18 18:15:21.958 [scheduling-1]  c.e.d.DemoApplication - Some info
[ERROR] 2024-04-18 18:15:22.974 [scheduling-1]  c.e.d.DemoApplication - Some error
[INFO ] 2024-04-18 18:15:22.975 [scheduling-1]  c.e.d.DemoApplication - Some info
[ERROR] 2024-04-18 18:15:23.988 [scheduling-1]  c.e.d.DemoApplication - Some error
[INFO ] 2024-04-18 18:15:23.988 [scheduling-1]  c.e.d.DemoApplication - Some info
[ERROR] 2024-04-18 18:15:25.002 [scheduling-1]  c.e.d.DemoApplication - Some error
[INFO ] 2024-04-18 18:15:25.003 [scheduling-1]  c.e.d.DemoApplication - Some info
[ERROR] 2024-04-18 18:15:26.004 [scheduling-1]  c.e.d.DemoApplication - Some error
[INFO ] 2024-04-18 18:15:26.005 [scheduling-1]  c.e.d.DemoApplication - Some info
[ERROR] 2024-04-18 18:15:27.019 [scheduling-1]  c.e.d.DemoApplication - Some error
[INFO ] 2024-04-18 18:15:27.019 [scheduling-1]  c.e.d.DemoApplication - Some info
[ERROR] 2024-04-18 18:15:28.037 [scheduling-1]  c.e.d.DemoApplication - Some error
[INFO ] 2024-04-18 18:15:28.039 [scheduling-1]  c.e.d.DemoApplication - Some info
[ERROR] 2024-04-18 18:15:29.045 [scheduling-1]  c.e.d.DemoApplication - Some error
[INFO ] 2024-04-18 18:15:29.046 [scheduling-1]  c.e.d.DemoApplication - Some info
[ERROR] 2024-04-18 18:15:30.051 [scheduling-1]  c.e.d.DemoApplication - Some error
[INFO ] 2024-04-18 18:15:30.051 [scheduling-1]  c.e.d.DemoApplication - Some info
[ERROR] 2024-04-18 18:15:31.055 [scheduling-1]  c.e.d.DemoApplication - Some error
[INFO ] 2024-04-18 18:15:31.055 [scheduling-1]  c.e.d.DemoApplication - Some info
[ERROR] 2024-04-18 18:15:32.071 [scheduling-1]  c.e.d.DemoApplication - Some error
[INFO ] 2024-04-18 18:15:32.071 [scheduling-1]  c.e.d.DemoApplication - Some info
[ERROR] 2024-04-18 18:15:33.084 [scheduling-1]  c.e.d.DemoApplication - Some error
[INFO ] 2024-04-18 18:15:33.084 [scheduling-1]  c.e.d.DemoApplication - Some info
[ERROR] 2024-04-18 18:15:34.099 [scheduling-1]  c.e.d.DemoApplication - Some error
[INFO ] 2024-04-18 18:15:34.099 [scheduling-1]  c.e.d.DemoApplication - Some info
[ERROR] 2024-04-18 18:15:35.106 [scheduling-1]  c.e.d.DemoApplication - Some error
[INFO ] 2024-04-18 18:15:35.106 [scheduling-1]  c.e.d.DemoApplication - Some info
[ERROR] 2024-04-18 18:15:36.109 [scheduling-1]  c.e.d.DemoApplication - Some error
[INFO ] 2024-04-18 18:15:36.109 [scheduling-1]  c.e.d.DemoApplication - Some info
[ERROR] 2024-04-18 18:15:37.123 [scheduling-1]  c.e.d.DemoApplication - Some error
[INFO ] 2024-04-18 18:15:37.123 [scheduling-1]  c.e.d.DemoApplication - Some info
[ERROR] 2024-04-18 18:15:38.125 [scheduling-1]  c.e.d.DemoApplication - Some error
[INFO ] 2024-04-18 18:15:38.125 [scheduling-1]  c.e.d.DemoApplication - Some info
[ERROR] 2024-04-18 18:15:39.140 [scheduling-1]  c.e.d.DemoApplication - Some error
[INFO ] 2024-04-18 18:15:39.141 [scheduling-1]  c.e.d.DemoApplication - Some info
[ERROR] 2024-04-18 18:15:40.147 [scheduling-1]  c.e.d.DemoApplication - Some error
[INFO ] 2024-04-18 18:15:40.148 [scheduling-1]  c.e.d.DemoApplication - Some info
[ERROR] 2024-04-18 18:15:41.155 [scheduling-1]  c.e.d.DemoApplication - Some error
[INFO ] 2024-04-18 18:15:41.155 [scheduling-1]  c.e.d.DemoApplication - Some info
[ERROR] 2024-04-18 18:15:42.169 [scheduling-1]  c.e.d.DemoApplication - Some error
[INFO ] 2024-04-18 18:15:42.169 [scheduling-1]  c.e.d.DemoApplication - Some info
[ERROR] 2024-04-18 18:15:43.171 [scheduling-1]  c.e.d.DemoApplication - Some error
[INFO ] 2024-04-18 18:15:43.171 [scheduling-1]  c.e.d.DemoApplication - Some info
[ERROR] 2024-04-18 18:15:44.187 [scheduling-1]  c.e.d.DemoApplication - Some error
[INFO ] 2024-04-18 18:15:44.187 [scheduling-1]  c.e.d.DemoApplication - Some info
[ERROR] 2024-04-18 18:15:45.203 [scheduling-1]  c.e.d.DemoApplication - Some error
[INFO ] 2024-04-18 18:15:45.204 [scheduling-1]  c.e.d.DemoApplication - Some info
[ERROR] 2024-04-18 18:15:46.213 [scheduling-1]  c.e.d.DemoApplication - Some error
[INFO ] 2024-04-18 18:15:46.213 [scheduling-1]  c.e.d.DemoApplication - Some info
[ERROR] 2024-04-18 18:15:47.219 [scheduling-1]  c.e.d.DemoApplication - Some error
[INFO ] 2024-04-18 18:15:47.220 [scheduling-1]  c.e.d.DemoApplication - Some info
[ERROR] 2024-04-18 18:15:48.233 [scheduling-1]  c.e.d.DemoApplication - Some error
[INFO ] 2024-04-18 18:15:48.234 [scheduling-1]  c.e.d.DemoApplication - Some info
[ERROR] 2024-04-18 18:15:49.247 [scheduling-1]  c.e.d.DemoApplication - Some error
[INFO ] 2024-04-18 18:15:49.247 [scheduling-1]  c.e.d.DemoApplication - Some info
[ERROR] 2024-04-18 18:15:50.261 [scheduling-1]  c.e.d.DemoApplication - Some error
[INFO ] 2024-04-18 18:15:50.262 [scheduling-1]  c.e.d.DemoApplication - Some info
[INFO ] 2024-04-18 18:29:28.925 [main]  o.s.t.c.s.AnnotationConfigContextLoaderUtils - Could not detect default configuration classes for test class [com.example.demo.DemoApplicationTests]: DemoApplicationTests does not declare any static, non-private, non-final, nested classes annotated with @Configuration.
[INFO ] 2024-04-18 18:29:29.268 [main]  o.s.b.t.c.SpringBootTestContextBootstrapper - Found @SpringBootConfiguration com.example.demo.DemoApplication for test class com.example.demo.DemoApplicationTests
[INFO ] 2024-04-18 18:29:31.182 [main]  c.e.d.DemoApplicationTests - Starting DemoApplicationTests using Java 17.0.10 with PID 11344 (started by GavrilyukIS in C:\Users\GavrilyukIS\coding\spring-demo-logs)
[INFO ] 2024-04-18 18:29:31.185 [main]  c.e.d.DemoApplicationTests - No active profile set, falling back to 1 default profile: "default"
[INFO ] 2024-04-18 18:29:35.288 [main]  c.e.d.DemoApplicationTests - Started DemoApplicationTests in 5.414 seconds (process running for 11.909)
[ERROR] 2024-04-18 18:29:36.312 [scheduling-1]  c.e.d.DemoApplication - Some error
[INFO ] 2024-04-18 18:29:36.313 [scheduling-1]  c.e.d.DemoApplication - Some info
[ERROR] 2024-04-18 18:29:37.332 [scheduling-1]  c.e.d.DemoApplication - Some error
[INFO ] 2024-04-18 18:29:37.343 [scheduling-1]  c.e.d.DemoApplication - Some info
[ERROR] 2024-04-18 18:29:38.377 [scheduling-1]  c.e.d.DemoApplication - Some error
[INFO ] 2024-04-18 18:29:38.395 [scheduling-1]  c.e.d.DemoApplication - Some info
[INFO ] 2024-04-18 18:47:42.326 [main]  c.e.d.DemoApplication - Starting DemoApplication using Java 17.0.10 with PID 9856 (C:\Users\GavrilyukIS\coding\spring-demo-logs\target\classes started by GavrilyukIS in C:\Users\GavrilyukIS\coding\spring-demo-logs)
[INFO ] 2024-04-18 18:47:42.347 [main]  c.e.d.DemoApplication - No active profile set, falling back to 1 default profile: "default"
[INFO ] 2024-04-18 18:47:43.752 [main]  c.e.d.DemoApplication - Started DemoApplication in 2.419 seconds (process running for 6.808)
[ERROR] 2024-04-18 18:47:44.744 [scheduling-1]  c.e.d.DemoApplication - Some error
[INFO ] 2024-04-18 18:47:44.746 [scheduling-1]  c.e.d.DemoApplication - Some info
[ERROR] 2024-04-18 18:47:45.754 [scheduling-1]  c.e.d.DemoApplication - Some error
[INFO ] 2024-04-18 18:47:45.755 [scheduling-1]  c.e.d.DemoApplication - Some info
[ERROR] 2024-04-18 18:47:46.760 [scheduling-1]  c.e.d.DemoApplication - Some error
[INFO ] 2024-04-18 18:47:46.762 [scheduling-1]  c.e.d.DemoApplication - Some info
[ERROR] 2024-04-18 18:47:47.766 [scheduling-1]  c.e.d.DemoApplication - Some error
[INFO ] 2024-04-18 18:47:47.767 [scheduling-1]  c.e.d.DemoApplication - Some info
[ERROR] 2024-04-18 18:47:48.768 [scheduling-1]  c.e.d.DemoApplication - Some error
[INFO ] 2024-04-18 18:47:48.769 [scheduling-1]  c.e.d.DemoApplication - Some info
[ERROR] 2024-04-18 18:47:49.775 [scheduling-1]  c.e.d.DemoApplication - Some error
[INFO ] 2024-04-18 18:47:49.776 [scheduling-1]  c.e.d.DemoApplication - Some info
[ERROR] 2024-04-18 18:47:50.795 [scheduling-1]  c.e.d.DemoApplication - Some error
[INFO ] 2024-04-18 18:47:50.796 [scheduling-1]  c.e.d.DemoApplication - Some info
[ERROR] 2024-04-18 18:47:51.808 [scheduling-1]  c.e.d.DemoApplication - Some error
[INFO ] 2024-04-18 18:47:51.809 [scheduling-1]  c.e.d.DemoApplication - Some info
[INFO ] 2024-04-18 18:52:34.147 [main]  o.s.t.c.s.AnnotationConfigContextLoaderUtils - Could not detect default configuration classes for test class [com.example.demo.DemoApplicationTests]: DemoApplicationTests does not declare any static, non-private, non-final, nested classes annotated with @Configuration.
[INFO ] 2024-04-18 18:52:34.592 [main]  o.s.b.t.c.SpringBootTestContextBootstrapper - Found @SpringBootConfiguration com.example.demo.DemoApplication for test class com.example.demo.DemoApplicationTests
[INFO ] 2024-04-18 18:52:35.680 [main]  c.e.d.DemoApplicationTests - Starting DemoApplicationTests using Java 17.0.10 with PID 2692 (started by GavrilyukIS in C:\Users\GavrilyukIS\coding\spring-demo-logs)
[INFO ] 2024-04-18 18:52:35.683 [main]  c.e.d.DemoApplicationTests - No active profile set, falling back to 1 default profile: "default"
[INFO ] 2024-04-18 18:52:37.514 [main]  c.e.d.DemoApplicationTests - Started DemoApplicationTests in 2.482 seconds (process running for 6.614)
[ERROR] 2024-04-18 18:52:38.544 [scheduling-1]  c.e.d.DemoApplication - Some error
[INFO ] 2024-04-18 18:52:38.545 [scheduling-1]  c.e.d.DemoApplication - Some info
[ERROR] 2024-04-18 18:52:39.557 [scheduling-1]  c.e.d.DemoApplication - Some error
[INFO ] 2024-04-18 18:52:39.558 [scheduling-1]  c.e.d.DemoApplication - Some info
[INFO ] 2024-04-18 18:53:33.346 [main]  c.e.d.DemoApplication - Starting DemoApplication v0.0.1-SNAPSHOT using Java 17.0.10 with PID 15196 (C:\Users\GavrilyukIS\coding\spring-demo-logs\target\demo-0.0.1-SNAPSHOT.jar started by GavrilyukIS in C:\Users\GavrilyukIS\coding\spring-demo-logs)
[INFO ] 2024-04-18 18:53:33.482 [main]  c.e.d.DemoApplication - No active profile set, falling back to 1 default profile: "default"
[INFO ] 2024-04-18 18:53:34.846 [main]  c.e.d.DemoApplication - Started DemoApplication in 2.588 seconds (process running for 5.107)
[ERROR] 2024-04-18 18:53:35.836 [scheduling-1]  c.e.d.DemoApplication - Some error
[INFO ] 2024-04-18 18:53:35.837 [scheduling-1]  c.e.d.DemoApplication - Some info
[ERROR] 2024-04-18 18:53:36.841 [scheduling-1]  c.e.d.DemoApplication - Some error
[INFO ] 2024-04-18 18:53:36.842 [scheduling-1]  c.e.d.DemoApplication - Some info
[ERROR] 2024-04-18 18:53:37.845 [scheduling-1]  c.e.d.DemoApplication - Some error
[INFO ] 2024-04-18 18:53:37.845 [scheduling-1]  c.e.d.DemoApplication - Some info
[ERROR] 2024-04-18 18:53:38.859 [scheduling-1]  c.e.d.DemoApplication - Some error
[INFO ] 2024-04-18 18:53:38.859 [scheduling-1]  c.e.d.DemoApplication - Some info
[ERROR] 2024-04-18 18:53:39.869 [scheduling-1]  c.e.d.DemoApplication - Some error
[INFO ] 2024-04-18 18:53:39.869 [scheduling-1]  c.e.d.DemoApplication - Some info
[ERROR] 2024-04-18 18:53:40.879 [scheduling-1]  c.e.d.DemoApplication - Some error
[INFO ] 2024-04-18 18:53:40.880 [scheduling-1]  c.e.d.DemoApplication - Some info
[ERROR] 2024-04-18 18:53:41.893 [scheduling-1]  c.e.d.DemoApplication - Some error
[INFO ] 2024-04-18 18:53:41.894 [scheduling-1]  c.e.d.DemoApplication - Some info
